<?xml version="1.0" encoding="UTF-8"?>
<testsuite xmlns:xsi="http://www.w3.org/2001/XMLSchema-instance" xsi:schemaLocation="https://maven.apache.org/surefire/maven-surefire-plugin/xsd/surefire-test-report.xsd" name="TestTeacherFunctions" time="0.005" tests="1" errors="0" skipped="0" failures="1">
    <testcase name="TestTeacherFunctions.test_01_criaMenu" classname="TestTeacherFunctions" time="0">
    <failure message="Menu deve ser igual ==&gt; expected: &lt;&#10;Bem vindo ao Campo DEISIado&#10;&#10;1 - Novo Jogo&#10;2 - Ler Jogo&#10;0 - Sair&#10;&gt; but was: &lt;&#10;Bem vindo ao Campo DEISIado&#10;1 - Novo Jogo&#10;2 - Ler Jogo&#10;0 - Sair&#10;&gt;" type="org.opentest4j.AssertionFailedError"><![CDATA[org.opentest4j.AssertionFailedError: 
Menu deve ser igual ==> expected: <
Bem vindo ao Campo DEISIado

1 - Novo Jogo
2 - Ler Jogo
0 - Sair
> but was: <
Bem vindo ao Campo DEISIado
1 - Novo Jogo
2 - Ler Jogo
0 - Sair
>
	at org.junit.jupiter.api.AssertionFailureBuilder.build(AssertionFailureBuilder.java:151)
	at TestTeacherFunctions.test_01_criaMenu(TestTeacherFunctions.kt:23)
]]></failure>
  </testcase>
</testsuite>
